<?xml version="1.0" encoding="UTF-8"?>
<!-- Generated by org.testng.reporters.JUnitReportReporter -->
<testsuite hostname="DESK-1989" name="testcases.A3_UpdateStatus_option6thn7th" tests="1" failures="0" timestamp="7 Jul 2017 08:53:28 GMT" time="52.579" errors="0">
  <testcase name="Update7n6" time="52.579" classname="testcases.A3_UpdateStatus_option6thn7th"/>
</testsuite> <!-- testcases.A3_UpdateStatus_option6thn7th -->
