<?xml version="1.0" encoding="UTF-8"?>
<!-- Generated by org.testng.reporters.JUnitReportReporter -->
<testsuite hostname="DESK-1989" name="testcases.A2_Jobdone_option4" tests="1" failures="0" timestamp="7 Jul 2017 08:53:28 GMT" time="43.697" errors="0">
  <testcase name="JobDone4" time="43.697" classname="testcases.A2_Jobdone_option4"/>
</testsuite> <!-- testcases.A2_Jobdone_option4 -->
