<?xml version="1.0" encoding="UTF-8"?>
<!-- Generated by org.testng.reporters.JUnitReportReporter -->
<testsuite hostname="DESK-1989" name="testcases.A2_Jobdone_option1" tests="1" failures="0" timestamp="7 Jul 2017 08:53:28 GMT" time="46.164" errors="0">
  <testcase name="JobDone1" time="46.164" classname="testcases.A2_Jobdone_option1"/>
</testsuite> <!-- testcases.A2_Jobdone_option1 -->
