<?xml version="1.0" encoding="UTF-8"?>
<!-- Generated by org.testng.reporters.JUnitReportReporter -->
<testsuite hostname="DESK-1989" name="testcases.A2_Jobdone_option2" tests="1" failures="0" timestamp="7 Jul 2017 08:53:28 GMT" time="73.488" errors="0">
  <testcase name="JobDone2" time="73.488" classname="testcases.A2_Jobdone_option2"/>
</testsuite> <!-- testcases.A2_Jobdone_option2 -->
