<?xml version="1.0" encoding="UTF-8"?>
<!-- Generated by org.testng.reporters.JUnitReportReporter -->
<testsuite hostname="AIO-2107" name="lcfs.Add" tests="1" failures="0" timestamp="16 May 2017 13:14:11 GMT" time="0.009" errors="0">
  <testcase name="add" time="0.009" classname="lcfs.Add"/>
</testsuite> <!-- lcfs.Add -->
