<?xml version="1.0" encoding="UTF-8"?>
<!-- Generated by org.testng.reporters.JUnitReportReporter -->
<testsuite hostname="AIO-2107" name="lcfs.LCFposting" tests="1" failures="0" timestamp="30 May 2017 12:43:09 GMT" time="27.592" errors="0">
  <testcase name="LCFsubmit" time="27.592" classname="lcfs.LCFposting"/>
</testsuite> <!-- lcfs.LCFposting -->
