<?xml version="1.0" encoding="UTF-8"?>
<!-- Generated by org.testng.reporters.JUnitReportReporter -->
<testsuite hostname="AIO-2107" name="runner.Rerunfailcase" tests="1" failures="0" timestamp="1 Jun 2017 13:18:24 GMT" time="1393.300" errors="0">
  <testcase name="retestfailcase" time="1393.300" classname="runner.Rerunfailcase"/>
</testsuite> <!-- runner.Rerunfailcase -->
