<?xml version="1.0" encoding="UTF-8"?>
<!-- Generated by org.testng.reporters.JUnitReportReporter -->
<testsuite hostname="DESK-1989" name="testcases.A1_Hired_option1_SA" tests="1" failures="0" timestamp="7 Jul 2017 08:53:28 GMT" time="50.074" errors="0">
  <testcase name="hired1" time="50.074" classname="testcases.A1_Hired_option1_SA"/>
</testsuite> <!-- testcases.A1_Hired_option1_SA -->
