<?xml version="1.0" encoding="UTF-8"?>
<!-- Generated by org.testng.reporters.JUnitReportReporter -->
<testsuite hostname="AIO-2107" name="excelReader.Teste" tests="1" failures="0" timestamp="16 May 2017 07:01:57 GMT" time="1.295" errors="0">
  <testcase name="add" time="1.295" classname="excelReader.Teste"/>
</testsuite> <!-- excelReader.Teste -->
