<?xml version="1.0" encoding="UTF-8"?>
<!-- Generated by org.testng.reporters.JUnitReportReporter -->
<testsuite hostname="AIO-2107" name="excelReader.Dynamicexcelread" tests="1" failures="0" timestamp="16 May 2017 07:05:33 GMT" time="0.462" errors="0">
  <testcase name="excel" time="0.462" classname="excelReader.Dynamicexcelread"/>
</testsuite> <!-- excelReader.Dynamicexcelread -->
